<?xml version="1.0" encoding="UTF-8"?>
<testng-results ignored="0" total="11" passed="11" failed="0" skipped="0">
  <reporter-output>
  </reporter-output>
  <suite started-at="2026-03-25T21:35:59 IST" name="Default suite" finished-at="2026-03-25T21:36:00 IST" duration-ms="538">
    <groups>
      <group name="cucumber">
        <method signature="AbstractTestNGCucumberTests.runScenario(io.cucumber.testng.PickleWrapper,io.cucumber.testng.FeatureWrapper)[pri:0, instance:HomestaysRunner.RunnerIo@7a8c8dcf]" name="runScenario" class="io.cucumber.testng.AbstractTestNGCucumberTests"/>
      </group> <!-- cucumber -->
    </groups>
    <test started-at="2026-03-25T21:35:59 IST" name="Default test" finished-at="2026-03-25T21:36:00 IST" duration-ms="538">
      <class name="HomestaysRunner.RunnerIo">
        <test-method is-config="true" signature="setUpClass(org.testng.ITestContext)[pri:0, instance:HomestaysRunner.RunnerIo@7a8c8dcf]" started-at="2026-03-25T21:35:59 IST" name="setUpClass" finished-at="2026-03-25T21:35:59 IST" duration-ms="256" status="PASS">
          <params>
            <param index="0">
              <value>
                <![CDATA[org.testng.TestRunner@1d3ac898]]>
              </value>
            </param>
          </params>
          <reporter-output>
          </reporter-output>
        </test-method> <!-- setUpClass -->
        <test-method signature="runScenario(io.cucumber.testng.PickleWrapper,io.cucumber.testng.FeatureWrapper)[pri:0, instance:HomestaysRunner.RunnerIo@7a8c8dcf]" started-at="2026-03-25T21:35:59 IST" name="runScenario" description="Runs Cucumber Scenarios" data-provider="scenarios" finished-at="2026-03-25T21:36:00 IST" duration-ms="151" status="PASS">
          <params>
            <param index="0">
              <value>
                <![CDATA["Valid destination search shows villa listings"]]>
              </value>
            </param>
            <param index="1">
              <value>
                <![CDATA["MakeMyTrip Villas and Homestays Functionality"]]>
              </value>
            </param>
          </params>
          <reporter-output>
          </reporter-output>
        </test-method> <!-- runScenario -->
        <test-method signature="runScenario(io.cucumber.testng.PickleWrapper,io.cucumber.testng.FeatureWrapper)[pri:0, instance:HomestaysRunner.RunnerIo@7a8c8dcf]" started-at="2026-03-25T21:36:00 IST" name="runScenario" description="Runs Cucumber Scenarios" data-provider="scenarios" finished-at="2026-03-25T21:36:00 IST" duration-ms="3" status="PASS">
          <params>
            <param index="0">
              <value>
                <![CDATA["Invalid destination shows no results"]]>
              </value>
            </param>
            <param index="1">
              <value>
                <![CDATA["MakeMyTrip Villas and Homestays Functionality"]]>
              </value>
            </param>
          </params>
          <reporter-output>
          </reporter-output>
        </test-method> <!-- runScenario -->
        <test-method signature="runScenario(io.cucumber.testng.PickleWrapper,io.cucumber.testng.FeatureWrapper)[pri:0, instance:HomestaysRunner.RunnerIo@7a8c8dcf]" started-at="2026-03-25T21:36:00 IST" name="runScenario" description="Runs Cucumber Scenarios" data-provider="scenarios" finished-at="2026-03-25T21:36:00 IST" duration-ms="9" status="PASS">
          <params>
            <param index="0">
              <value>
                <![CDATA["Apply property type and amenities filters"]]>
              </value>
            </param>
            <param index="1">
              <value>
                <![CDATA["MakeMyTrip Villas and Homestays Functionality"]]>
              </value>
            </param>
          </params>
          <reporter-output>
          </reporter-output>
        </test-method> <!-- runScenario -->
        <test-method signature="runScenario(io.cucumber.testng.PickleWrapper,io.cucumber.testng.FeatureWrapper)[pri:0, instance:HomestaysRunner.RunnerIo@7a8c8dcf]" started-at="2026-03-25T21:36:00 IST" name="runScenario" description="Runs Cucumber Scenarios" data-provider="scenarios" finished-at="2026-03-25T21:36:00 IST" duration-ms="4" status="PASS">
          <params>
            <param index="0">
              <value>
                <![CDATA["Sort villas by price low to high"]]>
              </value>
            </param>
            <param index="1">
              <value>
                <![CDATA["MakeMyTrip Villas and Homestays Functionality"]]>
              </value>
            </param>
          </params>
          <reporter-output>
          </reporter-output>
        </test-method> <!-- runScenario -->
        <test-method signature="runScenario(io.cucumber.testng.PickleWrapper,io.cucumber.testng.FeatureWrapper)[pri:0, instance:HomestaysRunner.RunnerIo@7a8c8dcf]" started-at="2026-03-25T21:36:00 IST" name="runScenario" description="Runs Cucumber Scenarios" data-provider="scenarios" finished-at="2026-03-25T21:36:00 IST" duration-ms="4" status="PASS">
          <params>
            <param index="0">
              <value>
                <![CDATA["Sort villas by price high to low"]]>
              </value>
            </param>
            <param index="1">
              <value>
                <![CDATA["MakeMyTrip Villas and Homestays Functionality"]]>
              </value>
            </param>
          </params>
          <reporter-output>
          </reporter-output>
        </test-method> <!-- runScenario -->
        <test-method signature="runScenario(io.cucumber.testng.PickleWrapper,io.cucumber.testng.FeatureWrapper)[pri:0, instance:HomestaysRunner.RunnerIo@7a8c8dcf]" started-at="2026-03-25T21:36:00 IST" name="runScenario" description="Runs Cucumber Scenarios" data-provider="scenarios" finished-at="2026-03-25T21:36:00 IST" duration-ms="7" status="PASS">
          <params>
            <param index="0">
              <value>
                <![CDATA["View villa details page"]]>
              </value>
            </param>
            <param index="1">
              <value>
                <![CDATA["MakeMyTrip Villas and Homestays Functionality"]]>
              </value>
            </param>
          </params>
          <reporter-output>
          </reporter-output>
        </test-method> <!-- runScenario -->
        <test-method signature="runScenario(io.cucumber.testng.PickleWrapper,io.cucumber.testng.FeatureWrapper)[pri:0, instance:HomestaysRunner.RunnerIo@7a8c8dcf]" started-at="2026-03-25T21:36:00 IST" name="runScenario" description="Runs Cucumber Scenarios" data-provider="scenarios" finished-at="2026-03-25T21:36:00 IST" duration-ms="4" status="PASS">
          <params>
            <param index="0">
              <value>
                <![CDATA["View guest reviews on property page"]]>
              </value>
            </param>
            <param index="1">
              <value>
                <![CDATA["MakeMyTrip Villas and Homestays Functionality"]]>
              </value>
            </param>
          </params>
          <reporter-output>
          </reporter-output>
        </test-method> <!-- runScenario -->
        <test-method signature="runScenario(io.cucumber.testng.PickleWrapper,io.cucumber.testng.FeatureWrapper)[pri:0, instance:HomestaysRunner.RunnerIo@7a8c8dcf]" started-at="2026-03-25T21:36:00 IST" name="runScenario" description="Runs Cucumber Scenarios" data-provider="scenarios" finished-at="2026-03-25T21:36:00 IST" duration-ms="3" status="PASS">
          <params>
            <param index="0">
              <value>
                <![CDATA["Add villa to wishlist"]]>
              </value>
            </param>
            <param index="1">
              <value>
                <![CDATA["MakeMyTrip Villas and Homestays Functionality"]]>
              </value>
            </param>
          </params>
          <reporter-output>
          </reporter-output>
        </test-method> <!-- runScenario -->
        <test-method signature="runScenario(io.cucumber.testng.PickleWrapper,io.cucumber.testng.FeatureWrapper)[pri:0, instance:HomestaysRunner.RunnerIo@7a8c8dcf]" started-at="2026-03-25T21:36:00 IST" name="runScenario" description="Runs Cucumber Scenarios" data-provider="scenarios" finished-at="2026-03-25T21:36:00 IST" duration-ms="2" status="PASS">
          <params>
            <param index="0">
              <value>
                <![CDATA["Remove villa from wishlist"]]>
              </value>
            </param>
            <param index="1">
              <value>
                <![CDATA["MakeMyTrip Villas and Homestays Functionality"]]>
              </value>
            </param>
          </params>
          <reporter-output>
          </reporter-output>
        </test-method> <!-- runScenario -->
        <test-method signature="runScenario(io.cucumber.testng.PickleWrapper,io.cucumber.testng.FeatureWrapper)[pri:0, instance:HomestaysRunner.RunnerIo@7a8c8dcf]" started-at="2026-03-25T21:36:00 IST" name="runScenario" description="Runs Cucumber Scenarios" data-provider="scenarios" finished-at="2026-03-25T21:36:00 IST" duration-ms="4" status="PASS">
          <params>
            <param index="0">
              <value>
                <![CDATA["Navigate back to homepage from property page"]]>
              </value>
            </param>
            <param index="1">
              <value>
                <![CDATA["MakeMyTrip Villas and Homestays Functionality"]]>
              </value>
            </param>
          </params>
          <reporter-output>
          </reporter-output>
        </test-method> <!-- runScenario -->
        <test-method signature="runScenario(io.cucumber.testng.PickleWrapper,io.cucumber.testng.FeatureWrapper)[pri:0, instance:HomestaysRunner.RunnerIo@7a8c8dcf]" started-at="2026-03-25T21:36:00 IST" name="runScenario" description="Runs Cucumber Scenarios" data-provider="scenarios" finished-at="2026-03-25T21:36:00 IST" duration-ms="5" status="PASS">
          <params>
            <param index="0">
              <value>
                <![CDATA["Apply coupon on booking page"]]>
              </value>
            </param>
            <param index="1">
              <value>
                <![CDATA["MakeMyTrip Villas and Homestays Functionality"]]>
              </value>
            </param>
          </params>
          <reporter-output>
          </reporter-output>
        </test-method> <!-- runScenario -->
        <test-method is-config="true" signature="tearDownClass()[pri:0, instance:HomestaysRunner.RunnerIo@7a8c8dcf]" started-at="2026-03-25T21:36:00 IST" name="tearDownClass" finished-at="2026-03-25T21:36:00 IST" duration-ms="3" status="PASS">
          <reporter-output>
          </reporter-output>
        </test-method> <!-- tearDownClass -->
      </class> <!-- HomestaysRunner.RunnerIo -->
    </test> <!-- Default test -->
  </suite> <!-- Default suite -->
</testng-results>
