<?xml version="1.0" encoding="UTF-8"?>
<!-- Generated by org.testng.reporters.JUnitXMLReporter -->
<testsuite ignored="0" hostname="DESKTOP-QVE1E21" failures="0" tests="4" name="Default test" time="19.109" errors="0" timestamp="2026-03-30T21:42:25 IST">
  <testcase classname="Rest_Api.Rest_Api_Test" name="deleteUser" time="1.432"/>
  <testcase classname="Rest_Api.Rest_Api_Test" name="getSingleUser" time="1.274"/>
  <testcase classname="Rest_Api.Rest_Api_Test" name="testGetUser" time="0.978"/>
  <testcase classname="Rest_Api.Rest_Api_Test" name="updateUser" time="3.298"/>
</testsuite> <!-- Default test -->
