<?xml version="1.0" encoding="UTF-8"?>
<!-- Generated by org.testng.reporters.JUnitReportReporter -->
<testsuite hostname="DESKTOP-QVE1E21" failures="0" tests="11" name="HomestaysRunner.RunnerIo" time="0.196" errors="0" timestamp="2026-03-25T21:36:00 IST" skipped="0">
  <testcase classname="HomestaysRunner.RunnerIo" name="runScenario" time="0.002"/>
  <testcase classname="HomestaysRunner.RunnerIo" name="runScenario" time="0.009"/>
  <testcase classname="HomestaysRunner.RunnerIo" name="runScenario" time="0.151"/>
  <testcase classname="HomestaysRunner.RunnerIo" name="runScenario" time="0.003"/>
  <testcase classname="HomestaysRunner.RunnerIo" name="runScenario" time="0.004"/>
  <testcase classname="HomestaysRunner.RunnerIo" name="runScenario" time="0.004"/>
  <testcase classname="HomestaysRunner.RunnerIo" name="runScenario" time="0.004"/>
  <testcase classname="HomestaysRunner.RunnerIo" name="runScenario" time="0.007"/>
  <testcase classname="HomestaysRunner.RunnerIo" name="runScenario" time="0.003"/>
  <testcase classname="HomestaysRunner.RunnerIo" name="runScenario" time="0.004"/>
  <testcase classname="HomestaysRunner.RunnerIo" name="runScenario" time="0.005"/>
</testsuite> <!-- HomestaysRunner.RunnerIo -->
