<?xml version="1.0" encoding="UTF-8"?>
<!-- Generated by org.testng.reporters.JUnitReportReporter -->
<testsuite hostname="DESKTOP-QVE1E21" failures="0" tests="8" name="HomestaysRunner.RunnerIo" time="184.271" errors="7" timestamp="2026-03-26T22:50:24 IST" skipped="0">
  <testcase classname="HomestaysRunner.RunnerIo" name="runScenario" time="22.057">
    <error message="The step &#039;the user searches villas for &quot;Goa&quot;&#039; and 1 other step(s) are undefined.
You can implement these steps using the snippet(s) below:

@When(&quot;the user searches villas for {string}&quot;)
public void the_user_searches_villas_for(String string) {
    // Write code here that turns the phrase above into concrete actions
    throw new io.cucumber.java.PendingException();
}
@Then(&quot;villa information is visible&quot;)
public void villa_information_is_visible() {
    // Write code here that turns the phrase above into concrete actions
    throw new io.cucumber.java.PendingException();
}
" type="io.cucumber.testng.UndefinedStepException">
      <![CDATA[io.cucumber.testng.UndefinedStepException: The step 'the user searches villas for "Goa"' and 1 other step(s) are undefined.
You can implement these steps using the snippet(s) below:

@When("the user searches villas for {string}")
public void the_user_searches_villas_for(String string) {
    // Write code here that turns the phrase above into concrete actions
    throw new io.cucumber.java.PendingException();
}
@Then("villa information is visible")
public void villa_information_is_visible() {
    // Write code here that turns the phrase above into concrete actions
    throw new io.cucumber.java.PendingException();
}

at ✽.the user searches villas for "Goa"(file:///D:/Sprint/MMT_Automation/src/test/resources/features/homestays.feature:86)
]]>
    </error>
  </testcase> <!-- runScenario -->
  <testcase classname="HomestaysRunner.RunnerIo" name="runScenario" time="25.424"/>
  <testcase classname="HomestaysRunner.RunnerIo" name="runScenario" time="40.244">
    <error message="The step &#039;the user applies property type filter &quot;Apartment&quot;&#039; and 2 other step(s) are undefined.
You can implement these steps using the snippet(s) below:

@When(&quot;the user applies property type filter {string}&quot;)
public void the_user_applies_property_type_filter(String string) {
    // Write code here that turns the phrase above into concrete actions
    throw new io.cucumber.java.PendingException();
}
@When(&quot;the user applies amenities filter {string}&quot;)
public void the_user_applies_amenities_filter(String string) {
    // Write code here that turns the phrase above into concrete actions
    throw new io.cucumber.java.PendingException();
}
@Then(&quot;all displayed properties match selected filters&quot;)
public void all_displayed_properties_match_selected_filters() {
    // Write code here that turns the phrase above into concrete actions
    throw new io.cucumber.java.PendingException();
}
" type="io.cucumber.testng.UndefinedStepException">
      <![CDATA[io.cucumber.testng.UndefinedStepException: The step 'the user applies property type filter "Apartment"' and 2 other step(s) are undefined.
You can implement these steps using the snippet(s) below:

@When("the user applies property type filter {string}")
public void the_user_applies_property_type_filter(String string) {
    // Write code here that turns the phrase above into concrete actions
    throw new io.cucumber.java.PendingException();
}
@When("the user applies amenities filter {string}")
public void the_user_applies_amenities_filter(String string) {
    // Write code here that turns the phrase above into concrete actions
    throw new io.cucumber.java.PendingException();
}
@Then("all displayed properties match selected filters")
public void all_displayed_properties_match_selected_filters() {
    // Write code here that turns the phrase above into concrete actions
    throw new io.cucumber.java.PendingException();
}

at ✽.the user applies property type filter "Apartment"(file:///D:/Sprint/MMT_Automation/src/test/resources/features/homestays.feature:50)
]]>
    </error>
  </testcase> <!-- runScenario -->
  <testcase classname="HomestaysRunner.RunnerIo" name="runScenario" time="25.077">
    <error message="The step &#039;the user sorts results by &quot;Price High to Low&quot;&#039; and 1 other step(s) are undefined.
You can implement these steps using the snippet(s) below:

@When(&quot;the user sorts results by {string}&quot;)
public void the_user_sorts_results_by(String string) {
    // Write code here that turns the phrase above into concrete actions
    throw new io.cucumber.java.PendingException();
}
@Then(&quot;villa listings are sorted in descending price order&quot;)
public void villa_listings_are_sorted_in_descending_price_order() {
    // Write code here that turns the phrase above into concrete actions
    throw new io.cucumber.java.PendingException();
}
" type="io.cucumber.testng.UndefinedStepException">
      <![CDATA[io.cucumber.testng.UndefinedStepException: The step 'the user sorts results by "Price High to Low"' and 1 other step(s) are undefined.
You can implement these steps using the snippet(s) below:

@When("the user sorts results by {string}")
public void the_user_sorts_results_by(String string) {
    // Write code here that turns the phrase above into concrete actions
    throw new io.cucumber.java.PendingException();
}
@Then("villa listings are sorted in descending price order")
public void villa_listings_are_sorted_in_descending_price_order() {
    // Write code here that turns the phrase above into concrete actions
    throw new io.cucumber.java.PendingException();
}

at ✽.the user sorts results by "Price High to Low"(file:///D:/Sprint/MMT_Automation/src/test/resources/features/homestays.feature:76)
]]>
    </error>
  </testcase> <!-- runScenario -->
  <testcase classname="HomestaysRunner.RunnerIo" name="runScenario" time="23.826">
    <error message="The step &#039;the user sorts results by &quot;Price Low to High&quot;&#039; and 1 other step(s) are undefined.
You can implement these steps using the snippet(s) below:

@When(&quot;the user sorts results by {string}&quot;)
public void the_user_sorts_results_by(String string) {
    // Write code here that turns the phrase above into concrete actions
    throw new io.cucumber.java.PendingException();
}
@Then(&quot;villa listings are sorted in ascending price order&quot;)
public void villa_listings_are_sorted_in_ascending_price_order() {
    // Write code here that turns the phrase above into concrete actions
    throw new io.cucumber.java.PendingException();
}
" type="io.cucumber.testng.UndefinedStepException">
      <![CDATA[io.cucumber.testng.UndefinedStepException: The step 'the user sorts results by "Price Low to High"' and 1 other step(s) are undefined.
You can implement these steps using the snippet(s) below:

@When("the user sorts results by {string}")
public void the_user_sorts_results_by(String string) {
    // Write code here that turns the phrase above into concrete actions
    throw new io.cucumber.java.PendingException();
}
@Then("villa listings are sorted in ascending price order")
public void villa_listings_are_sorted_in_ascending_price_order() {
    // Write code here that turns the phrase above into concrete actions
    throw new io.cucumber.java.PendingException();
}

at ✽.the user sorts results by "Price Low to High"(file:///D:/Sprint/MMT_Automation/src/test/resources/features/homestays.feature:66)
]]>
    </error>
  </testcase> <!-- runScenario -->
  <testcase classname="HomestaysRunner.RunnerIo" name="runScenario" time="13.340">
    <error message="The step &#039;the user searches villas for &quot;Delhi&quot;&#039; and 2 other step(s) are undefined.
You can implement these steps using the snippet(s) below:

@When(&quot;the user searches villas for {string}&quot;)
public void the_user_searches_villas_for(String string) {
    // Write code here that turns the phrase above into concrete actions
    throw new io.cucumber.java.PendingException();
}
@When(&quot;the user navigates to the reviews section&quot;)
public void the_user_navigates_to_the_reviews_section() {
    // Write code here that turns the phrase above into concrete actions
    throw new io.cucumber.java.PendingException();
}
@Then(&quot;guest reviews and ratings are displayed&quot;)
public void guest_reviews_and_ratings_are_displayed() {
    // Write code here that turns the phrase above into concrete actions
    throw new io.cucumber.java.PendingException();
}
" type="io.cucumber.testng.UndefinedStepException">
      <![CDATA[io.cucumber.testng.UndefinedStepException: The step 'the user searches villas for "Delhi"' and 2 other step(s) are undefined.
You can implement these steps using the snippet(s) below:

@When("the user searches villas for {string}")
public void the_user_searches_villas_for(String string) {
    // Write code here that turns the phrase above into concrete actions
    throw new io.cucumber.java.PendingException();
}
@When("the user navigates to the reviews section")
public void the_user_navigates_to_the_reviews_section() {
    // Write code here that turns the phrase above into concrete actions
    throw new io.cucumber.java.PendingException();
}
@Then("guest reviews and ratings are displayed")
public void guest_reviews_and_ratings_are_displayed() {
    // Write code here that turns the phrase above into concrete actions
    throw new io.cucumber.java.PendingException();
}

at ✽.the user searches villas for "Delhi"(file:///D:/Sprint/MMT_Automation/src/test/resources/features/homestays.feature:93)
]]>
    </error>
  </testcase> <!-- runScenario -->
  <testcase classname="HomestaysRunner.RunnerIo" name="runScenario" time="20.802">
    <error message="Element &lt;button id=&quot;hsw_search_button&quot; class=&quot;primaryBtn font24 latoBlack widgetSearchBtn&quot; type=&quot;button&quot;&gt; is not clickable at point (746,385) because another element &lt;div class=&quot;DayPicker-Month&quot;&gt; obscures it
Build info: version: &#039;4.39.0&#039;, revision: &#039;126f156aee&#039;
System info: os.name: &#039;Windows 11&#039;, os.arch: &#039;amd64&#039;, os.version: &#039;10.0&#039;, java.version: &#039;20.0.2&#039;
Driver info: org.openqa.selenium.firefox.FirefoxDriver
Command: [44a9b460-1f4b-40dd-afaa-9efdfd3ce13e, clickElement {id=40c2b838-e3a3-41a3-8d09-16ce084f80c7}]
Capabilities {acceptInsecureCerts: true, browserName: firefox, browserVersion: 149.0, moz:accessibilityChecks: false, moz:buildID: 20260318190823, moz:geckodriverVersion: 0.36.0, moz:headless: false, moz:platformVersion: 10.0, moz:processID: 18608, moz:profile: C:\Users\SHREYA~1\AppData\L..., moz:shutdownTimeout: 60000, moz:webdriverClick: true, moz:windowless: false, pageLoadStrategy: normal, platformName: windows, proxy: Proxy(), setWindowRect: true, strictFileInteractability: false, timeouts: {implicit: 0, pageLoad: 300000, script: 30000}, unhandledPromptBehavior: dismiss and notify, userAgent: Mozilla/5.0 (Windows NT 10....}
Element: [[FirefoxDriver: firefox on windows (44a9b460-1f4b-40dd-afaa-9efdfd3ce13e)] -&gt; xpath: //button[@id=&#039;hsw_search_button&#039;]]
Session ID: 44a9b460-1f4b-40dd-afaa-9efdfd3ce13e" type="org.openqa.selenium.ElementClickInterceptedException">
      <![CDATA[org.openqa.selenium.ElementClickInterceptedException: Element <button id="hsw_search_button" class="primaryBtn font24 latoBlack widgetSearchBtn" type="button"> is not clickable at point (746,385) because another element <div class="DayPicker-Month"> obscures it
Build info: version: '4.39.0', revision: '126f156aee'
System info: os.name: 'Windows 11', os.arch: 'amd64', os.version: '10.0', java.version: '20.0.2'
Driver info: org.openqa.selenium.firefox.FirefoxDriver
Command: [44a9b460-1f4b-40dd-afaa-9efdfd3ce13e, clickElement {id=40c2b838-e3a3-41a3-8d09-16ce084f80c7}]
Capabilities {acceptInsecureCerts: true, browserName: firefox, browserVersion: 149.0, moz:accessibilityChecks: false, moz:buildID: 20260318190823, moz:geckodriverVersion: 0.36.0, moz:headless: false, moz:platformVersion: 10.0, moz:processID: 18608, moz:profile: C:\Users\SHREYA~1\AppData\L..., moz:shutdownTimeout: 60000, moz:webdriverClick: true, moz:windowless: false, pageLoadStrategy: normal, platformName: windows, proxy: Proxy(), setWindowRect: true, strictFileInteractability: false, timeouts: {implicit: 0, pageLoad: 300000, script: 30000}, unhandledPromptBehavior: dismiss and notify, userAgent: Mozilla/5.0 (Windows NT 10....}
Element: [[FirefoxDriver: firefox on windows (44a9b460-1f4b-40dd-afaa-9efdfd3ce13e)] -> xpath: //button[@id='hsw_search_button']]
Session ID: 44a9b460-1f4b-40dd-afaa-9efdfd3ce13e
at java.base/jdk.internal.reflect.DirectConstructorHandleAccessor.newInstance(DirectConstructorHandleAccessor.java:67)
at java.base/java.lang.reflect.Constructor.newInstanceWithCaller(Constructor.java:500)
at java.base/java.lang.reflect.Constructor.newInstance(Constructor.java:484)
at org.openqa.selenium.remote.ErrorCodec.decode(ErrorCodec.java:167)
at org.openqa.selenium.remote.codec.w3c.W3CHttpResponseCodec.decode(W3CHttpResponseCodec.java:142)
at org.openqa.selenium.remote.codec.w3c.W3CHttpResponseCodec.decode(W3CHttpResponseCodec.java:49)
at org.openqa.selenium.remote.HttpCommandExecutor.execute(HttpCommandExecutor.java:215)
at org.openqa.selenium.remote.service.DriverCommandExecutor.invokeExecute(DriverCommandExecutor.java:216)
at org.openqa.selenium.remote.service.DriverCommandExecutor.execute(DriverCommandExecutor.java:174)
at org.openqa.selenium.remote.RemoteWebDriver.execute(RemoteWebDriver.java:561)
at org.openqa.selenium.remote.RemoteWebElement.execute(RemoteWebElement.java:223)
at org.openqa.selenium.remote.RemoteWebElement.click(RemoteWebElement.java:76)
at java.base/jdk.internal.reflect.DirectMethodHandleAccessor.invoke(DirectMethodHandleAccessor.java:104)
at java.base/java.lang.reflect.Method.invoke(Method.java:578)
at org.openqa.selenium.support.pagefactory.internal.LocatingElementHandler.invoke(LocatingElementHandler.java:51)
at jdk.proxy2/jdk.proxy2.$Proxy24.click(Unknown Source)
at pages.HomeStays.clickSearch(HomeStays.java:137)
at stepDefinations.HomestaysTest.click_search_button(HomestaysTest.java:77)
at ✽.the user clicks the Search button(file:///D:/Sprint/MMT_Automation/src/test/resources/features/homestays.feature:34)
]]>
    </error>
  </testcase> <!-- runScenario -->
  <testcase classname="HomestaysRunner.RunnerIo" name="runScenario" time="13.501">
    <error message="The step &#039;the user searches villas for &quot;Goa&quot;&#039; and 1 other step(s) are undefined.
You can implement these steps using the snippet(s) below:

@When(&quot;the user searches villas for {string}&quot;)
public void the_user_searches_villas_for(String string) {
    // Write code here that turns the phrase above into concrete actions
    throw new io.cucumber.java.PendingException();
}
@When(&quot;the user applies the coupon&quot;)
public void the_user_applies_the_coupon() {
    // Write code here that turns the phrase above into concrete actions
    throw new io.cucumber.java.PendingException();
}
" type="io.cucumber.testng.UndefinedStepException">
      <![CDATA[io.cucumber.testng.UndefinedStepException: The step 'the user searches villas for "Goa"' and 1 other step(s) are undefined.
You can implement these steps using the snippet(s) below:

@When("the user searches villas for {string}")
public void the_user_searches_villas_for(String string) {
    // Write code here that turns the phrase above into concrete actions
    throw new io.cucumber.java.PendingException();
}
@When("the user applies the coupon")
public void the_user_applies_the_coupon() {
    // Write code here that turns the phrase above into concrete actions
    throw new io.cucumber.java.PendingException();
}

at ✽.the user searches villas for "Goa"(file:///D:/Sprint/MMT_Automation/src/test/resources/features/homestays.feature:111)
]]>
    </error>
  </testcase> <!-- runScenario -->
</testsuite> <!-- HomestaysRunner.RunnerIo -->
